{"/Users/zhoulinfeng/catp/catp-plugin/src/audit/logger.ts": {"path":"/Users/zhoulinfeng/catp/catp-plugin/src/audit/logger.ts","statementMap":{"0":{"start":{"line":17,"column":2},"end":{"line":22,"column":19}},"1":{"start":{"line":26,"column":14},"end":{"line":26,"column":46}},"2":{"start":{"line":27,"column":2},"end":{"line":27,"column":58}},"3":{"start":{"line":31,"column":15},"end":{"line":31,"column":52}},"4":{"start":{"line":32,"column":2},"end":{"line":32,"column":58}},"5":{"start":{"line":36,"column":14},"end":{"line":36,"column":31}},"6":{"start":{"line":37,"column":15},"end":{"line":37,"column":41}},"7":{"start":{"line":38,"column":2},"end":{"line":46,"column":3}},"8":{"start":{"line":39,"column":20},"end":{"line":39,"column":56}},"9":{"start":{"line":40,"column":4},"end":{"line":40,"column":29}},"10":{"start":{"line":40,"column":18},"end":{"line":40,"column":29}},"11":{"start":{"line":41,"column":21},"end":{"line":41,"column":52}},"12":{"start":{"line":42,"column":18},"end":{"line":42,"column":52}},"13":{"start":{"line":43,"column":4},"end":{"line":43,"column":28}},"14":{"start":{"line":45,"column":4},"end":{"line":45,"column":15}},"15":{"start":{"line":50,"column":14},"end":{"line":50,"column":31}},"16":{"start":{"line":51,"column":2},"end":{"line":51,"column":38}},"17":{"start":{"line":52,"column":2},"end":{"line":52,"column":83}},"18":{"start":{"line":61,"column":13},"end":{"line":61,"column":37}},"19":{"start":{"line":62,"column":2},"end":{"line":69,"column":4}}},"fnMap":{"0":{"name":"computeCommitment","decl":{"start":{"line":11,"column":16},"end":{"line":11,"column":33}},"loc":{"start":{"line":15,"column":20},"end":{"line":23,"column":1}}},"1":{"name":"summarizeInput","decl":{"start":{"line":25,"column":16},"end":{"line":25,"column":30}},"loc":{"start":{"line":25,"column":47},"end":{"line":28,"column":1}}},"2":{"name":"auditDir","decl":{"start":{"line":30,"column":16},"end":{"line":30,"column":24}},"loc":{"start":{"line":30,"column":40},"end":{"line":33,"column":1}}},"3":{"name":"getLastCommitment","decl":{"start":{"line":35,"column":16},"end":{"line":35,"column":33}},"loc":{"start":{"line":35,"column":49},"end":{"line":47,"column":1}}},"4":{"name":"appendAuditEntry","decl":{"start":{"line":49,"column":16},"end":{"line":49,"column":32}},"loc":{"start":{"line":49,"column":67},"end":{"line":53,"column":1}}},"5":{"name":"buildEntry","decl":{"start":{"line":55,"column":16},"end":{"line":55,"column":26}},"loc":{"start":{"line":59,"column":30},"end":{"line":70,"column":1}}}},"branchMap":{"0":{"loc":{"start":{"line":15,"column":2},"end":{"line":15,"column":20}},"type":"default-arg","locations":[{"start":{"line":15,"column":17},"end":{"line":15,"column":20}}]},"1":{"loc":{"start":{"line":27,"column":9},"end":{"line":27,"column":57}},"type":"cond-expr","locations":[{"start":{"line":27,"column":28},"end":{"line":27,"column":51}},{"start":{"line":27,"column":54},"end":{"line":27,"column":57}}]},"2":{"loc":{"start":{"line":40,"column":4},"end":{"line":40,"column":29}},"type":"if","locations":[{"start":{"line":40,"column":4},"end":{"line":40,"column":29}}]},"3":{"loc":{"start":{"line":41,"column":21},"end":{"line":41,"column":52}},"type":"binary-expr","locations":[{"start":{"line":41,"column":21},"end":{"line":41,"column":46}},{"start":{"line":41,"column":50},"end":{"line":41,"column":52}}]},"4":{"loc":{"start":{"line":59,"column":2},"end":{"line":59,"column":30}},"type":"default-arg","locations":[{"start":{"line":59,"column":27},"end":{"line":59,"column":30}}]}},"s":{"0":42,"1":6,"2":6,"3":7,"4":7,"5":3,"6":3,"7":3,"8":3,"9":2,"10":0,"11":2,"12":2,"13":2,"14":1,"15":3,"16":3,"17":3,"18":4,"19":4},"f":{"0":42,"1":6,"2":7,"3":3,"4":3,"5":4},"b":{"0":[1],"1":[1,5],"2":[0],"3":[2,0],"4":[3]}}
,"/Users/zhoulinfeng/catp/catp-plugin/src/audit/verifier.ts": {"path":"/Users/zhoulinfeng/catp/catp-plugin/src/audit/verifier.ts","statementMap":{"0":{"start":{"line":14,"column":16},"end":{"line":14,"column":40}},"1":{"start":{"line":15,"column":2},"end":{"line":17,"column":3}},"2":{"start":{"line":16,"column":4},"end":{"line":16,"column":75}},"3":{"start":{"line":19,"column":13},"end":{"line":19,"column":16}},"4":{"start":{"line":20,"column":2},"end":{"line":39,"column":3}},"5":{"start":{"line":20,"column":15},"end":{"line":20,"column":16}},"6":{"start":{"line":22,"column":4},"end":{"line":26,"column":5}},"7":{"start":{"line":23,"column":6},"end":{"line":23,"column":49}},"8":{"start":{"line":25,"column":6},"end":{"line":25,"column":93}},"9":{"start":{"line":28,"column":21},"end":{"line":28,"column":55}},"10":{"start":{"line":29,"column":21},"end":{"line":29,"column":76}},"11":{"start":{"line":30,"column":4},"end":{"line":37,"column":5}},"12":{"start":{"line":31,"column":6},"end":{"line":36,"column":8}},"13":{"start":{"line":38,"column":4},"end":{"line":38,"column":28}},"14":{"start":{"line":41,"column":2},"end":{"line":41,"column":87}},"15":{"start":{"line":45,"column":2},"end":{"line":51,"column":5}},"16":{"start":{"line":46,"column":28},"end":{"line":46,"column":30}},"17":{"start":{"line":47,"column":15},"end":{"line":47,"column":86}},"18":{"start":{"line":48,"column":4},"end":{"line":48,"column":59}},"19":{"start":{"line":48,"column":27},"end":{"line":48,"column":55}},"20":{"start":{"line":48,"column":41},"end":{"line":48,"column":55}},"21":{"start":{"line":49,"column":4},"end":{"line":49,"column":41}},"22":{"start":{"line":49,"column":25},"end":{"line":49,"column":39}},"23":{"start":{"line":50,"column":4},"end":{"line":50,"column":27}}},"fnMap":{"0":{"name":"verifyChain","decl":{"start":{"line":13,"column":22},"end":{"line":13,"column":33}},"loc":{"start":{"line":13,"column":49},"end":{"line":42,"column":1}}},"1":{"name":"readLines","decl":{"start":{"line":44,"column":15},"end":{"line":44,"column":24}},"loc":{"start":{"line":44,"column":37},"end":{"line":52,"column":1}}},"2":{"name":"(anonymous_2)","decl":{"start":{"line":45,"column":21},"end":{"line":45,"column":22}},"loc":{"start":{"line":45,"column":41},"end":{"line":51,"column":3}}},"3":{"name":"(anonymous_3)","decl":{"start":{"line":48,"column":18},"end":{"line":48,"column":19}},"loc":{"start":{"line":48,"column":24},"end":{"line":48,"column":57}}},"4":{"name":"(anonymous_4)","decl":{"start":{"line":49,"column":19},"end":{"line":49,"column":22}},"loc":{"start":{"line":49,"column":25},"end":{"line":49,"column":39}}}},"branchMap":{"0":{"loc":{"start":{"line":15,"column":2},"end":{"line":17,"column":3}},"type":"if","locations":[{"start":{"line":15,"column":2},"end":{"line":17,"column":3}}]},"1":{"loc":{"start":{"line":30,"column":4},"end":{"line":37,"column":5}},"type":"if","locations":[{"start":{"line":30,"column":4},"end":{"line":37,"column":5}}]},"2":{"loc":{"start":{"line":48,"column":27},"end":{"line":48,"column":55}},"type":"if","locations":[{"start":{"line":48,"column":27},"end":{"line":48,"column":55}}]}},"s":{"0":6,"1":6,"2":1,"3":5,"4":5,"5":5,"6":10,"7":10,"8":1,"9":9,"10":9,"11":9,"12":2,"13":7,"14":2,"15":6,"16":6,"17":6,"18":6,"19":11,"20":11,"21":6,"22":6,"23":6},"f":{"0":6,"1":6,"2":6,"3":11,"4":6},"b":{"0":[1],"1":[2],"2":[11]}}
,"/Users/zhoulinfeng/catp/catp-plugin/src/commands/anchor.ts": {"path":"/Users/zhoulinfeng/catp/catp-plugin/src/commands/anchor.ts","statementMap":{"0":{"start":{"line":8,"column":28},"end":{"line":16,"column":11}},"1":{"start":{"line":19,"column":2},"end":{"line":19,"column":36}},"2":{"start":{"line":19,"column":18},"end":{"line":19,"column":36}},"3":{"start":{"line":20,"column":21},"end":{"line":20,"column":37}},"4":{"start":{"line":21,"column":2},"end":{"line":27,"column":3}},"5":{"start":{"line":22,"column":4},"end":{"line":26,"column":5}},"6":{"start":{"line":23,"column":6},"end":{"line":23,"column":45}},"7":{"start":{"line":28,"column":2},"end":{"line":30,"column":4}},"8":{"start":{"line":34,"column":18},"end":{"line":34,"column":60}},"9":{"start":{"line":35,"column":2},"end":{"line":35,"column":38}},"10":{"start":{"line":35,"column":28},"end":{"line":35,"column":38}},"11":{"start":{"line":37,"column":32},"end":{"line":37,"column":34}},"12":{"start":{"line":38,"column":16},"end":{"line":38,"column":43}},"13":{"start":{"line":39,"column":2},"end":{"line":51,"column":3}},"14":{"start":{"line":40,"column":17},"end":{"line":40,"column":53}},"15":{"start":{"line":41,"column":4},"end":{"line":41,"column":36}},"16":{"start":{"line":41,"column":27},"end":{"line":41,"column":36}},"17":{"start":{"line":42,"column":18},"end":{"line":42,"column":82}},"18":{"start":{"line":43,"column":4},"end":{"line":50,"column":5}},"19":{"start":{"line":44,"column":6},"end":{"line":49,"column":7}},"20":{"start":{"line":45,"column":22},"end":{"line":45,"column":52}},"21":{"start":{"line":46,"column":8},"end":{"line":46,"column":65}},"22":{"start":{"line":46,"column":30},"end":{"line":46,"column":65}},"23":{"start":{"line":52,"column":2},"end":{"line":52,"column":21}},"24":{"start":{"line":56,"column":2},"end":{"line":58,"column":3}},"25":{"start":{"line":57,"column":4},"end":{"line":57,"column":34}},"26":{"start":{"line":60,"column":24},"end":{"line":63,"column":4}},"27":{"start":{"line":61,"column":14},"end":{"line":61,"column":35}},"28":{"start":{"line":62,"column":4},"end":{"line":62,"column":73}},"29":{"start":{"line":65,"column":2},"end":{"line":76,"column":3}},"30":{"start":{"line":66,"column":4},"end":{"line":68,"column":5}},"31":{"start":{"line":67,"column":6},"end":{"line":67,"column":42}},"32":{"start":{"line":69,"column":27},"end":{"line":69,"column":29}},"33":{"start":{"line":70,"column":4},"end":{"line":74,"column":5}},"34":{"start":{"line":70,"column":17},"end":{"line":70,"column":18}},"35":{"start":{"line":71,"column":6},"end":{"line":73,"column":8}},"36":{"start":{"line":75,"column":4},"end":{"line":75,"column":17}},"37":{"start":{"line":78,"column":2},"end":{"line":78,"column":41}},"38":{"start":{"line":87,"column":72},"end":{"line":87,"column":92}},"39":{"start":{"line":88,"column":34},"end":{"line":88,"column":63}},"40":{"start":{"line":90,"column":23},"end":{"line":90,"column":70}},"41":{"start":{"line":91,"column":18},"end":{"line":91,"column":49}},"42":{"start":{"line":93,"column":16},"end":{"line":98,"column":4}},"43":{"start":{"line":100,"column":18},"end":{"line":100,"column":66}},"44":{"start":{"line":101,"column":23},"end":{"line":101,"column":86}},"45":{"start":{"line":103,"column":15},"end":{"line":108,"column":4}},"46":{"start":{"line":110,"column":2},"end":{"line":110,"column":57}},"47":{"start":{"line":111,"column":2},"end":{"line":111,"column":14}},"48":{"start":{"line":118,"column":18},"end":{"line":118,"column":38}},"49":{"start":{"line":119,"column":22},"end":{"line":119,"column":46}},"50":{"start":{"line":120,"column":15},"end":{"line":120,"column":38}},"51":{"start":{"line":122,"column":2},"end":{"line":122,"column":52}},"52":{"start":{"line":123,"column":2},"end":{"line":123,"column":63}},"53":{"start":{"line":124,"column":2},"end":{"line":124,"column":49}},"54":{"start":{"line":126,"column":2},"end":{"line":129,"column":3}},"55":{"start":{"line":127,"column":4},"end":{"line":127,"column":74}},"56":{"start":{"line":128,"column":4},"end":{"line":128,"column":11}},"57":{"start":{"line":131,"column":17},"end":{"line":131,"column":41}},"58":{"start":{"line":132,"column":21},"end":{"line":132,"column":49}},"59":{"start":{"line":133,"column":26},"end":{"line":133,"column":59}},"60":{"start":{"line":135,"column":2},"end":{"line":144,"column":3}},"61":{"start":{"line":136,"column":4},"end":{"line":142,"column":5}},"62":{"start":{"line":137,"column":6},"end":{"line":139,"column":8}},"63":{"start":{"line":141,"column":6},"end":{"line":141,"column":74}},"64":{"start":{"line":143,"column":4},"end":{"line":143,"column":11}},"65":{"start":{"line":146,"column":2},"end":{"line":146,"column":51}},"66":{"start":{"line":147,"column":17},"end":{"line":147,"column":79}},"67":{"start":{"line":148,"column":2},"end":{"line":148,"column":51}}},"fnMap":{"0":{"name":"resolveAgentId","decl":{"start":{"line":18,"column":9},"end":{"line":18,"column":23}},"loc":{"start":{"line":18,"column":48},"end":{"line":31,"column":1}}},"1":{"name":"readCommitments","decl":{"start":{"line":33,"column":16},"end":{"line":33,"column":31}},"loc":{"start":{"line":33,"column":47},"end":{"line":53,"column":1}}},"2":{"name":"merkleRoot","decl":{"start":{"line":55,"column":16},"end":{"line":55,"column":26}},"loc":{"start":{"line":55,"column":48},"end":{"line":79,"column":1}}},"3":{"name":"(anonymous_3)","decl":{"start":{"line":60,"column":40},"end":{"line":60,"column":41}},"loc":{"start":{"line":60,"column":46},"end":{"line":63,"column":3}}},"4":{"name":"submitOnChain","decl":{"start":{"line":81,"column":15},"end":{"line":81,"column":28}},"loc":{"start":{"line":85,"column":25},"end":{"line":112,"column":1}}},"5":{"name":"cmdAnchor","decl":{"start":{"line":114,"column":22},"end":{"line":114,"column":31}},"loc":{"start":{"line":117,"column":1},"end":{"line":149,"column":1}}}},"branchMap":{"0":{"loc":{"start":{"line":19,"column":2},"end":{"line":19,"column":36}},"type":"if","locations":[{"start":{"line":19,"column":2},"end":{"line":19,"column":36}}]},"1":{"loc":{"start":{"line":21,"column":2},"end":{"line":27,"column":3}},"type":"if","locations":[{"start":{"line":21,"column":2},"end":{"line":27,"column":3}}]},"2":{"loc":{"start":{"line":35,"column":2},"end":{"line":35,"column":38}},"type":"if","locations":[{"start":{"line":35,"column":2},"end":{"line":35,"column":38}}]},"3":{"loc":{"start":{"line":41,"column":4},"end":{"line":41,"column":36}},"type":"if","locations":[{"start":{"line":41,"column":4},"end":{"line":41,"column":36}}]},"4":{"loc":{"start":{"line":46,"column":8},"end":{"line":46,"column":65}},"type":"if","locations":[{"start":{"line":46,"column":8},"end":{"line":46,"column":65}}]},"5":{"loc":{"start":{"line":56,"column":2},"end":{"line":58,"column":3}},"type":"if","locations":[{"start":{"line":56,"column":2},"end":{"line":58,"column":3}}]},"6":{"loc":{"start":{"line":62,"column":11},"end":{"line":62,"column":72}},"type":"cond-expr","locations":[{"start":{"line":62,"column":29},"end":{"line":62,"column":30}},{"start":{"line":62,"column":33},"end":{"line":62,"column":72}}]},"7":{"loc":{"start":{"line":66,"column":4},"end":{"line":68,"column":5}},"type":"if","locations":[{"start":{"line":66,"column":4},"end":{"line":68,"column":5}}]},"8":{"loc":{"start":{"line":126,"column":2},"end":{"line":129,"column":3}},"type":"if","locations":[{"start":{"line":126,"column":2},"end":{"line":129,"column":3}}]},"9":{"loc":{"start":{"line":135,"column":2},"end":{"line":144,"column":3}},"type":"if","locations":[{"start":{"line":135,"column":2},"end":{"line":144,"column":3}}]},"10":{"loc":{"start":{"line":135,"column":6},"end":{"line":135,"column":63}},"type":"binary-expr","locations":[{"start":{"line":135,"column":6},"end":{"line":135,"column":17}},{"start":{"line":135,"column":21},"end":{"line":135,"column":28}},{"start":{"line":135,"column":32},"end":{"line":135,"column":43}},{"start":{"line":135,"column":47},"end":{"line":135,"column":63}}]},"11":{"loc":{"start":{"line":136,"column":4},"end":{"line":142,"column":5}},"type":"if","locations":[{"start":{"line":136,"column":4},"end":{"line":142,"column":5}},{"start":{"line":140,"column":11},"end":{"line":142,"column":5}}]}},"s":{"0":1,"1":4,"2":3,"3":1,"4":1,"5":0,"6":0,"7":1,"8":8,"9":8,"10":2,"11":6,"12":6,"13":6,"14":7,"15":7,"16":0,"17":7,"18":7,"19":9,"20":9,"21":8,"22":8,"23":6,"24":18,"25":2,"26":16,"27":35,"28":35,"29":16,"30":16,"31":3,"32":16,"33":16,"34":16,"35":22,"36":16,"37":16,"38":0,"39":0,"40":0,"41":0,"42":0,"43":0,"44":0,"45":0,"46":0,"47":0,"48":4,"49":3,"50":3,"51":3,"52":3,"53":3,"54":3,"55":1,"56":1,"57":2,"58":2,"59":2,"60":2,"61":2,"62":1,"63":1,"64":2,"65":0,"66":0,"67":0},"f":{"0":4,"1":8,"2":18,"3":35,"4":0,"5":4},"b":{"0":[3],"1":[0],"2":[2],"3":[0],"4":[8],"5":[2],"6":[35,0],"7":[3],"8":[1],"9":[2],"10":[2,1,0,0],"11":[1,1]}}
,"/Users/zhoulinfeng/catp/catp-plugin/src/policy/engine.ts": {"path":"/Users/zhoulinfeng/catp/catp-plugin/src/policy/engine.ts","statementMap":{"0":{"start":{"line":11,"column":20},"end":{"line":12,"column":null}},"1":{"start":{"line":12,"column":11},"end":{"line":12,"column":55}},"2":{"start":{"line":15,"column":2},"end":{"line":23,"column":3}},"3":{"start":{"line":16,"column":4},"end":{"line":22,"column":5}},"4":{"start":{"line":17,"column":6},"end":{"line":21,"column":8}},"5":{"start":{"line":26,"column":2},"end":{"line":26,"column":81}},"6":{"start":{"line":30,"column":2},"end":{"line":34,"column":3}},"7":{"start":{"line":31,"column":20},"end":{"line":31,"column":41}},"8":{"start":{"line":32,"column":4},"end":{"line":32,"column":39}},"9":{"start":{"line":32,"column":26},"end":{"line":32,"column":39}},"10":{"start":{"line":33,"column":4},"end":{"line":33,"column":91}},"11":{"start":{"line":33,"column":36},"end":{"line":33,"column":89}},"12":{"start":{"line":36,"column":2},"end":{"line":48,"column":3}},"13":{"start":{"line":37,"column":21},"end":{"line":37,"column":39}},"14":{"start":{"line":38,"column":4},"end":{"line":38,"column":40}},"15":{"start":{"line":38,"column":27},"end":{"line":38,"column":40}},"16":{"start":{"line":40,"column":4},"end":{"line":42,"column":5}},"17":{"start":{"line":41,"column":6},"end":{"line":41,"column":72}},"18":{"start":{"line":41,"column":60},"end":{"line":41,"column":72}},"19":{"start":{"line":43,"column":4},"end":{"line":45,"column":5}},"20":{"start":{"line":44,"column":6},"end":{"line":44,"column":64}},"21":{"start":{"line":47,"column":4},"end":{"line":47,"column":17}},"22":{"start":{"line":51,"column":2},"end":{"line":51,"column":14}},"23":{"start":{"line":55,"column":14},"end":{"line":55,"column":41}},"24":{"start":{"line":56,"column":2},"end":{"line":56,"column":46}},"25":{"start":{"line":60,"column":2},"end":{"line":63,"column":3}},"26":{"start":{"line":61,"column":14},"end":{"line":61,"column":35}},"27":{"start":{"line":62,"column":4},"end":{"line":62,"column":40}},"28":{"start":{"line":62,"column":31},"end":{"line":62,"column":40}},"29":{"start":{"line":64,"column":2},"end":{"line":64,"column":14}}},"fnMap":{"0":{"name":"evaluate","decl":{"start":{"line":10,"column":16},"end":{"line":10,"column":24}},"loc":{"start":{"line":10,"column":61},"end":{"line":27,"column":1}}},"1":{"name":"(anonymous_1)","decl":{"start":{"line":12,"column":4},"end":{"line":12,"column":5}},"loc":{"start":{"line":12,"column":11},"end":{"line":12,"column":55}}},"2":{"name":"matchesRule","decl":{"start":{"line":29,"column":9},"end":{"line":29,"column":20}},"loc":{"start":{"line":29,"column":49},"end":{"line":52,"column":1}}},"3":{"name":"(anonymous_3)","decl":{"start":{"line":33,"column":29},"end":{"line":33,"column":30}},"loc":{"start":{"line":33,"column":36},"end":{"line":33,"column":89}}},"4":{"name":"extractCommand","decl":{"start":{"line":54,"column":9},"end":{"line":54,"column":23}},"loc":{"start":{"line":54,"column":40},"end":{"line":57,"column":1}}},"5":{"name":"extractPath","decl":{"start":{"line":59,"column":9},"end":{"line":59,"column":20}},"loc":{"start":{"line":59,"column":37},"end":{"line":65,"column":1}}}},"branchMap":{"0":{"loc":{"start":{"line":12,"column":11},"end":{"line":12,"column":55}},"type":"binary-expr","locations":[{"start":{"line":12,"column":11},"end":{"line":12,"column":25}},{"start":{"line":12,"column":29},"end":{"line":12,"column":55}}]},"1":{"loc":{"start":{"line":16,"column":4},"end":{"line":22,"column":5}},"type":"if","locations":[{"start":{"line":16,"column":4},"end":{"line":22,"column":5}}]},"2":{"loc":{"start":{"line":20,"column":16},"end":{"line":20,"column":86}},"type":"binary-expr","locations":[{"start":{"line":20,"column":16},"end":{"line":20,"column":27}},{"start":{"line":20,"column":32},"end":{"line":20,"column":85}}]},"3":{"loc":{"start":{"line":20,"column":32},"end":{"line":20,"column":85}},"type":"cond-expr","locations":[{"start":{"line":20,"column":45},"end":{"line":20,"column":64}},{"start":{"line":20,"column":67},"end":{"line":20,"column":85}}]},"4":{"loc":{"start":{"line":30,"column":2},"end":{"line":34,"column":3}},"type":"if","locations":[{"start":{"line":30,"column":2},"end":{"line":34,"column":3}}]},"5":{"loc":{"start":{"line":30,"column":6},"end":{"line":30,"column":45}},"type":"binary-expr","locations":[{"start":{"line":30,"column":6},"end":{"line":30,"column":18}},{"start":{"line":30,"column":22},"end":{"line":30,"column":45}}]},"6":{"loc":{"start":{"line":32,"column":4},"end":{"line":32,"column":39}},"type":"if","locations":[{"start":{"line":32,"column":4},"end":{"line":32,"column":39}}]},"7":{"loc":{"start":{"line":33,"column":36},"end":{"line":33,"column":89}},"type":"binary-expr","locations":[{"start":{"line":33,"column":36},"end":{"line":33,"column":66}},{"start":{"line":33,"column":70},"end":{"line":33,"column":89}}]},"8":{"loc":{"start":{"line":36,"column":2},"end":{"line":48,"column":3}},"type":"if","locations":[{"start":{"line":36,"column":2},"end":{"line":48,"column":3}}]},"9":{"loc":{"start":{"line":36,"column":6},"end":{"line":36,"column":47}},"type":"binary-expr","locations":[{"start":{"line":36,"column":6},"end":{"line":36,"column":25}},{"start":{"line":36,"column":29},"end":{"line":36,"column":47}}]},"10":{"loc":{"start":{"line":38,"column":4},"end":{"line":38,"column":40}},"type":"if","locations":[{"start":{"line":38,"column":4},"end":{"line":38,"column":40}}]},"11":{"loc":{"start":{"line":40,"column":4},"end":{"line":42,"column":5}},"type":"if","locations":[{"start":{"line":40,"column":4},"end":{"line":42,"column":5}}]},"12":{"loc":{"start":{"line":40,"column":8},"end":{"line":40,"column":59}},"type":"binary-expr","locations":[{"start":{"line":40,"column":8},"end":{"line":40,"column":26}},{"start":{"line":40,"column":30},"end":{"line":40,"column":59}}]},"13":{"loc":{"start":{"line":41,"column":6},"end":{"line":41,"column":72}},"type":"if","locations":[{"start":{"line":41,"column":6},"end":{"line":41,"column":72}}]},"14":{"loc":{"start":{"line":43,"column":4},"end":{"line":45,"column":5}},"type":"if","locations":[{"start":{"line":43,"column":4},"end":{"line":45,"column":5}}]},"15":{"loc":{"start":{"line":43,"column":8},"end":{"line":43,"column":61}},"type":"binary-expr","locations":[{"start":{"line":43,"column":8},"end":{"line":43,"column":27}},{"start":{"line":43,"column":31},"end":{"line":43,"column":61}}]},"16":{"loc":{"start":{"line":56,"column":9},"end":{"line":56,"column":45}},"type":"cond-expr","locations":[{"start":{"line":56,"column":35},"end":{"line":56,"column":38}},{"start":{"line":56,"column":41},"end":{"line":56,"column":45}}]},"17":{"loc":{"start":{"line":62,"column":4},"end":{"line":62,"column":40}},"type":"if","locations":[{"start":{"line":62,"column":4},"end":{"line":62,"column":40}}]}},"s":{"0":23,"1":24,"2":23,"3":21,"4":13,"5":10,"6":21,"7":5,"8":5,"9":2,"10":3,"11":4,"12":16,"13":9,"14":9,"15":2,"16":7,"17":5,"18":3,"19":4,"20":2,"21":2,"22":7,"23":5,"24":5,"25":9,"26":16,"27":16,"28":7,"29":2},"f":{"0":23,"1":24,"2":21,"3":4,"4":5,"5":9},"b":{"0":[24,23],"1":[13],"2":[13,7],"3":[1,6],"4":[5],"5":[21,5],"6":[2],"7":[4,3],"8":[9],"9":[16,13],"10":[2],"11":[5],"12":[7,5],"13":[3],"14":[2],"15":[4,2],"16":[3,2],"17":[7]}}
,"/Users/zhoulinfeng/catp/catp-plugin/src/policy/loader.ts": {"path":"/Users/zhoulinfeng/catp/catp-plugin/src/policy/loader.ts","statementMap":{"0":{"start":{"line":6,"column":24},"end":{"line":6,"column":42}},"1":{"start":{"line":9,"column":12},"end":{"line":9,"column":20}},"2":{"start":{"line":10,"column":2},"end":{"line":16,"column":3}},"3":{"start":{"line":11,"column":22},"end":{"line":11,"column":48}},"4":{"start":{"line":12,"column":4},"end":{"line":12,"column":48}},"5":{"start":{"line":12,"column":31},"end":{"line":12,"column":48}},"6":{"start":{"line":13,"column":19},"end":{"line":13,"column":34}},"7":{"start":{"line":14,"column":4},"end":{"line":14,"column":36}},"8":{"start":{"line":14,"column":24},"end":{"line":14,"column":36}},"9":{"start":{"line":15,"column":4},"end":{"line":15,"column":17}},"10":{"start":{"line":20,"column":14},"end":{"line":20,"column":46}},"11":{"start":{"line":21,"column":17},"end":{"line":21,"column":38}},"12":{"start":{"line":22,"column":2},"end":{"line":22,"column":38}},"13":{"start":{"line":26,"column":2},"end":{"line":28,"column":3}},"14":{"start":{"line":27,"column":4},"end":{"line":27,"column":61}},"15":{"start":{"line":29,"column":14},"end":{"line":29,"column":44}},"16":{"start":{"line":31,"column":2},"end":{"line":33,"column":3}},"17":{"start":{"line":32,"column":4},"end":{"line":32,"column":56}},"18":{"start":{"line":34,"column":16},"end":{"line":34,"column":52}},"19":{"start":{"line":35,"column":2},"end":{"line":37,"column":3}},"20":{"start":{"line":36,"column":4},"end":{"line":36,"column":68}},"21":{"start":{"line":38,"column":2},"end":{"line":40,"column":3}},"22":{"start":{"line":39,"column":4},"end":{"line":39,"column":73}},"23":{"start":{"line":42,"column":2},"end":{"line":44,"column":3}},"24":{"start":{"line":43,"column":4},"end":{"line":43,"column":59}},"25":{"start":{"line":46,"column":16},"end":{"line":65,"column":4}},"26":{"start":{"line":47,"column":4},"end":{"line":49,"column":5}},"27":{"start":{"line":48,"column":6},"end":{"line":48,"column":64}},"28":{"start":{"line":50,"column":17},"end":{"line":50,"column":45}},"29":{"start":{"line":51,"column":4},"end":{"line":53,"column":5}},"30":{"start":{"line":52,"column":6},"end":{"line":52,"column":78}},"31":{"start":{"line":54,"column":4},"end":{"line":56,"column":5}},"32":{"start":{"line":55,"column":6},"end":{"line":55,"column":70}},"33":{"start":{"line":57,"column":4},"end":{"line":64,"column":6}},"34":{"start":{"line":67,"column":2},"end":{"line":67,"column":88}},"35":{"start":{"line":71,"column":2},"end":{"line":71,"column":54}},"36":{"start":{"line":71,"column":37},"end":{"line":71,"column":54}},"37":{"start":{"line":72,"column":2},"end":{"line":72,"column":42}},"38":{"start":{"line":72,"column":25},"end":{"line":72,"column":42}},"39":{"start":{"line":73,"column":2},"end":{"line":73,"column":61}},"40":{"start":{"line":73,"column":38},"end":{"line":73,"column":59}}},"fnMap":{"0":{"name":"findPolicyFile","decl":{"start":{"line":8,"column":16},"end":{"line":8,"column":30}},"loc":{"start":{"line":8,"column":63},"end":{"line":17,"column":1}}},"1":{"name":"loadPolicy","decl":{"start":{"line":19,"column":16},"end":{"line":19,"column":26}},"loc":{"start":{"line":19,"column":45},"end":{"line":23,"column":1}}},"2":{"name":"validate","decl":{"start":{"line":25,"column":9},"end":{"line":25,"column":17}},"loc":{"start":{"line":25,"column":44},"end":{"line":68,"column":1}}},"3":{"name":"(anonymous_3)","decl":{"start":{"line":46,"column":30},"end":{"line":46,"column":31}},"loc":{"start":{"line":46,"column":56},"end":{"line":65,"column":3}}},"4":{"name":"toStringArray","decl":{"start":{"line":70,"column":9},"end":{"line":70,"column":22}},"loc":{"start":{"line":70,"column":33},"end":{"line":74,"column":1}}},"5":{"name":"(anonymous_5)","decl":{"start":{"line":73,"column":18},"end":{"line":73,"column":19}},"loc":{"start":{"line":73,"column":38},"end":{"line":73,"column":59}}}},"branchMap":{"0":{"loc":{"start":{"line":8,"column":31},"end":{"line":8,"column":63}},"type":"default-arg","locations":[{"start":{"line":8,"column":50},"end":{"line":8,"column":63}}]},"1":{"loc":{"start":{"line":12,"column":4},"end":{"line":12,"column":48}},"type":"if","locations":[{"start":{"line":12,"column":4},"end":{"line":12,"column":48}}]},"2":{"loc":{"start":{"line":14,"column":4},"end":{"line":14,"column":36}},"type":"if","locations":[{"start":{"line":14,"column":4},"end":{"line":14,"column":36}}]},"3":{"loc":{"start":{"line":26,"column":2},"end":{"line":28,"column":3}},"type":"if","locations":[{"start":{"line":26,"column":2},"end":{"line":28,"column":3}}]},"4":{"loc":{"start":{"line":26,"column":6},"end":{"line":26,"column":45}},"type":"binary-expr","locations":[{"start":{"line":26,"column":6},"end":{"line":26,"column":29}},{"start":{"line":26,"column":33},"end":{"line":26,"column":45}}]},"5":{"loc":{"start":{"line":31,"column":2},"end":{"line":33,"column":3}},"type":"if","locations":[{"start":{"line":31,"column":2},"end":{"line":33,"column":3}}]},"6":{"loc":{"start":{"line":31,"column":6},"end":{"line":31,"column":49}},"type":"binary-expr","locations":[{"start":{"line":31,"column":6},"end":{"line":31,"column":16}},{"start":{"line":31,"column":20},"end":{"line":31,"column":49}}]},"7":{"loc":{"start":{"line":35,"column":2},"end":{"line":37,"column":3}},"type":"if","locations":[{"start":{"line":35,"column":2},"end":{"line":37,"column":3}}]},"8":{"loc":{"start":{"line":35,"column":6},"end":{"line":35,"column":47}},"type":"binary-expr","locations":[{"start":{"line":35,"column":6},"end":{"line":35,"column":34}},{"start":{"line":35,"column":38},"end":{"line":35,"column":47}}]},"9":{"loc":{"start":{"line":38,"column":2},"end":{"line":40,"column":3}},"type":"if","locations":[{"start":{"line":38,"column":2},"end":{"line":40,"column":3}}]},"10":{"loc":{"start":{"line":38,"column":6},"end":{"line":38,"column":57}},"type":"binary-expr","locations":[{"start":{"line":38,"column":6},"end":{"line":38,"column":39}},{"start":{"line":38,"column":43},"end":{"line":38,"column":57}}]},"11":{"loc":{"start":{"line":42,"column":2},"end":{"line":44,"column":3}},"type":"if","locations":[{"start":{"line":42,"column":2},"end":{"line":44,"column":3}}]},"12":{"loc":{"start":{"line":47,"column":4},"end":{"line":49,"column":5}},"type":"if","locations":[{"start":{"line":47,"column":4},"end":{"line":49,"column":5}}]},"13":{"loc":{"start":{"line":47,"column":8},"end":{"line":47,"column":43}},"type":"binary-expr","locations":[{"start":{"line":47,"column":8},"end":{"line":47,"column":29}},{"start":{"line":47,"column":33},"end":{"line":47,"column":43}}]},"14":{"loc":{"start":{"line":51,"column":4},"end":{"line":53,"column":5}},"type":"if","locations":[{"start":{"line":51,"column":4},"end":{"line":53,"column":5}}]},"15":{"loc":{"start":{"line":51,"column":8},"end":{"line":51,"column":51}},"type":"binary-expr","locations":[{"start":{"line":51,"column":8},"end":{"line":51,"column":37}},{"start":{"line":51,"column":41},"end":{"line":51,"column":51}}]},"16":{"loc":{"start":{"line":54,"column":4},"end":{"line":56,"column":5}},"type":"if","locations":[{"start":{"line":54,"column":4},"end":{"line":56,"column":5}}]},"17":{"loc":{"start":{"line":63,"column":14},"end":{"line":63,"column":71}},"type":"cond-expr","locations":[{"start":{"line":63,"column":48},"end":{"line":63,"column":59}},{"start":{"line":63,"column":62},"end":{"line":63,"column":71}}]},"18":{"loc":{"start":{"line":71,"column":2},"end":{"line":71,"column":54}},"type":"if","locations":[{"start":{"line":71,"column":2},"end":{"line":71,"column":54}}]},"19":{"loc":{"start":{"line":71,"column":6},"end":{"line":71,"column":35}},"type":"binary-expr","locations":[{"start":{"line":71,"column":6},"end":{"line":71,"column":21}},{"start":{"line":71,"column":25},"end":{"line":71,"column":35}}]},"20":{"loc":{"start":{"line":72,"column":2},"end":{"line":72,"column":42}},"type":"if","locations":[{"start":{"line":72,"column":2},"end":{"line":72,"column":42}}]}},"s":{"0":2,"1":4,"2":4,"3":17,"4":17,"5":2,"6":15,"7":15,"8":2,"9":13,"10":8,"11":8,"12":8,"13":8,"14":0,"15":8,"16":8,"17":1,"18":7,"19":7,"20":1,"21":6,"22":1,"23":5,"24":1,"25":4,"26":5,"27":0,"28":5,"29":5,"30":1,"31":4,"32":1,"33":3,"34":2,"35":9,"36":6,"37":3,"38":0,"39":3,"40":3},"f":{"0":4,"1":8,"2":8,"3":5,"4":9,"5":3},"b":{"0":[1],"1":[2],"2":[2],"3":[0],"4":[8,8],"5":[1],"6":[8,7],"7":[1],"8":[7,6],"9":[1],"10":[6,5],"11":[1],"12":[0],"13":[5,5],"14":[1],"15":[5,4],"16":[1],"17":[2,1],"18":[6],"19":[9,3],"20":[0]}}
}
