TN:
SF:src/audit/logger.ts
FN:11,computeCommitment
FN:25,summarizeInput
FN:30,auditDir
FN:35,getLastCommitment
FN:49,appendAuditEntry
FN:55,buildEntry
FNF:6
FNH:6
FNDA:42,computeCommitment
FNDA:6,summarizeInput
FNDA:7,auditDir
FNDA:3,getLastCommitment
FNDA:3,appendAuditEntry
FNDA:4,buildEntry
DA:17,42
DA:26,6
DA:27,6
DA:31,7
DA:32,7
DA:36,3
DA:37,3
DA:38,3
DA:39,3
DA:40,2
DA:41,2
DA:42,2
DA:43,2
DA:45,1
DA:50,3
DA:51,3
DA:52,3
DA:61,4
DA:62,4
LF:19
LH:19
BRDA:15,0,0,1
BRDA:27,1,0,1
BRDA:27,1,1,5
BRDA:40,2,0,0
BRDA:41,3,0,2
BRDA:41,3,1,0
BRDA:59,4,0,3
BRF:7
BRH:5
end_of_record
TN:
SF:src/audit/verifier.ts
FN:13,verifyChain
FN:44,readLines
FN:45,(anonymous_2)
FN:48,(anonymous_3)
FN:49,(anonymous_4)
FNF:5
FNH:5
FNDA:6,verifyChain
FNDA:6,readLines
FNDA:6,(anonymous_2)
FNDA:11,(anonymous_3)
FNDA:6,(anonymous_4)
DA:14,6
DA:15,6
DA:16,1
DA:19,5
DA:20,5
DA:22,10
DA:23,10
DA:25,1
DA:28,9
DA:29,9
DA:30,9
DA:31,2
DA:38,7
DA:41,2
DA:45,6
DA:46,6
DA:47,6
DA:48,11
DA:49,6
DA:50,6
LF:20
LH:20
BRDA:15,0,0,1
BRDA:30,1,0,2
BRDA:48,2,0,11
BRF:3
BRH:3
end_of_record
TN:
SF:src/policy/engine.ts
FN:10,evaluate
FN:12,(anonymous_1)
FN:29,matchesRule
FN:33,(anonymous_3)
FN:54,extractCommand
FN:59,extractPath
FNF:6
FNH:6
FNDA:23,evaluate
FNDA:24,(anonymous_1)
FNDA:21,matchesRule
FNDA:4,(anonymous_3)
FNDA:5,extractCommand
FNDA:9,extractPath
DA:11,23
DA:12,24
DA:15,23
DA:16,21
DA:17,13
DA:26,10
DA:30,21
DA:31,5
DA:32,5
DA:33,4
DA:36,16
DA:37,9
DA:38,9
DA:40,7
DA:41,5
DA:43,4
DA:44,2
DA:47,2
DA:51,7
DA:55,5
DA:56,5
DA:60,9
DA:61,16
DA:62,16
DA:64,2
LF:25
LH:25
BRDA:12,0,0,24
BRDA:12,0,1,23
BRDA:16,1,0,13
BRDA:20,2,0,13
BRDA:20,2,1,7
BRDA:20,3,0,1
BRDA:20,3,1,6
BRDA:30,4,0,5
BRDA:30,5,0,21
BRDA:30,5,1,5
BRDA:32,6,0,2
BRDA:33,7,0,4
BRDA:33,7,1,3
BRDA:36,8,0,9
BRDA:36,9,0,16
BRDA:36,9,1,13
BRDA:38,10,0,2
BRDA:40,11,0,5
BRDA:40,12,0,7
BRDA:40,12,1,5
BRDA:41,13,0,3
BRDA:43,14,0,2
BRDA:43,15,0,4
BRDA:43,15,1,2
BRDA:56,16,0,3
BRDA:56,16,1,2
BRDA:62,17,0,7
BRF:27
BRH:27
end_of_record
TN:
SF:src/policy/loader.ts
FN:8,findPolicyFile
FN:19,loadPolicy
FN:25,validate
FN:46,(anonymous_3)
FN:70,toStringArray
FN:73,(anonymous_5)
FNF:6
FNH:6
FNDA:3,findPolicyFile
FNDA:8,loadPolicy
FNDA:8,validate
FNDA:5,(anonymous_3)
FNDA:9,toStringArray
FNDA:3,(anonymous_5)
DA:6,1
DA:9,3
DA:10,3
DA:11,12
DA:12,12
DA:13,10
DA:14,10
DA:15,9
DA:20,8
DA:21,8
DA:22,8
DA:26,8
DA:27,0
DA:29,8
DA:31,8
DA:32,1
DA:34,7
DA:35,7
DA:36,1
DA:38,6
DA:39,1
DA:42,5
DA:43,1
DA:46,4
DA:47,5
DA:48,0
DA:50,5
DA:51,5
DA:52,1
DA:54,4
DA:55,1
DA:57,3
DA:67,2
DA:71,9
DA:72,3
DA:73,3
LF:36
LH:34
BRDA:8,0,0,0
BRDA:12,1,0,2
BRDA:14,2,0,1
BRDA:26,3,0,0
BRDA:26,4,0,8
BRDA:26,4,1,8
BRDA:31,5,0,1
BRDA:31,6,0,8
BRDA:31,6,1,7
BRDA:35,7,0,1
BRDA:35,8,0,7
BRDA:35,8,1,6
BRDA:38,9,0,1
BRDA:38,10,0,6
BRDA:38,10,1,5
BRDA:42,11,0,1
BRDA:47,12,0,0
BRDA:47,13,0,5
BRDA:47,13,1,5
BRDA:51,14,0,1
BRDA:51,15,0,5
BRDA:51,15,1,4
BRDA:54,16,0,1
BRDA:63,17,0,2
BRDA:63,17,1,1
BRDA:71,18,0,6
BRDA:71,19,0,9
BRDA:71,19,1,3
BRDA:72,20,0,0
BRF:29
BRH:25
end_of_record
